25 十月 2022 17:08:59,250 INFO  [main] (org.apache.flume.conf.FlumeConfiguration$AgentConfiguration.addComponentConfig:1203)  - Processing:k2
25 十月 2022 17:08:59,255 INFO  [main] (org.apache.flume.conf.FlumeConfiguration$AgentConfiguration.addComponentConfig:1203)  - Processing:c2
25 十月 2022 17:08:59,255 INFO  [main] (org.apache.flume.conf.FlumeConfiguration$AgentConfiguration.addComponentConfig:1203)  - Processing:k2
25 十月 2022 17:08:59,256 INFO  [main] (org.apache.flume.conf.FlumeConfiguration$AgentConfiguration.addComponentConfig:1203)  - Processing:k2
25 十月 2022 17:08:59,256 INFO  [main] (org.apache.flume.conf.FlumeConfiguration$AgentConfiguration.addComponentConfig:1203)  - Processing:k2
25 十月 2022 17:08:59,256 INFO  [main] (org.apache.flume.conf.FlumeConfiguration$AgentConfiguration.addComponentConfig:1203)  - Processing:k2
25 十月 2022 17:08:59,256 INFO  [main] (org.apache.flume.conf.FlumeConfiguration$AgentConfiguration.addComponentConfig:1203)  - Processing:k2
25 十月 2022 17:08:59,256 INFO  [main] (org.apache.flume.conf.FlumeConfiguration$AgentConfiguration.addComponentConfig:1203)  - Processing:r2
25 十月 2022 17:08:59,256 INFO  [main] (org.apache.flume.conf.FlumeConfiguration$AgentConfiguration.addProperty:1117)  - Added sinks: k2 Agent: a2
25 十月 2022 17:08:59,256 INFO  [main] (org.apache.flume.conf.FlumeConfiguration$AgentConfiguration.addComponentConfig:1203)  - Processing:r2
25 十月 2022 17:08:59,256 INFO  [main] (org.apache.flume.conf.FlumeConfiguration$AgentConfiguration.addComponentConfig:1203)  - Processing:k2
25 十月 2022 17:08:59,256 INFO  [main] (org.apache.flume.conf.FlumeConfiguration$AgentConfiguration.addComponentConfig:1203)  - Processing:c2
25 十月 2022 17:08:59,256 INFO  [main] (org.apache.flume.conf.FlumeConfiguration$AgentConfiguration.addComponentConfig:1203)  - Processing:k2
25 十月 2022 17:08:59,256 INFO  [main] (org.apache.flume.conf.FlumeConfiguration$AgentConfiguration.addComponentConfig:1203)  - Processing:k2
25 十月 2022 17:08:59,256 INFO  [main] (org.apache.flume.conf.FlumeConfiguration$AgentConfiguration.addComponentConfig:1203)  - Processing:c2
25 十月 2022 17:08:59,257 INFO  [main] (org.apache.flume.conf.FlumeConfiguration$AgentConfiguration.addComponentConfig:1203)  - Processing:r2
25 十月 2022 17:08:59,257 INFO  [main] (org.apache.flume.conf.FlumeConfiguration$AgentConfiguration.addComponentConfig:1203)  - Processing:k2
25 十月 2022 17:08:59,257 INFO  [main] (org.apache.flume.conf.FlumeConfiguration$AgentConfiguration.addComponentConfig:1203)  - Processing:k2
25 十月 2022 17:08:59,257 INFO  [main] (org.apache.flume.conf.FlumeConfiguration$AgentConfiguration.addComponentConfig:1203)  - Processing:k2
25 十月 2022 17:08:59,257 INFO  [main] (org.apache.flume.conf.FlumeConfiguration$AgentConfiguration.addComponentConfig:1203)  - Processing:k2
25 十月 2022 17:08:59,257 WARN  [main] (org.apache.flume.conf.FlumeConfiguration$AgentConfiguration.validateConfigFilterSet:623)  - Agent configuration for 'a2' has no configfilters.
25 十月 2022 17:08:59,275 INFO  [main] (org.apache.flume.conf.FlumeConfiguration.validateConfiguration:163)  - Post-validation flume configuration contains configuration for agents: [a2]
25 十月 2022 17:08:59,275 INFO  [main] (org.apache.flume.node.AbstractConfigurationProvider.loadChannels:154)  - Creating channels
25 十月 2022 17:08:59,279 INFO  [main] (org.apache.flume.channel.DefaultChannelFactory.create:42)  - Creating instance of channel c2 type memory
25 十月 2022 17:08:59,282 INFO  [main] (org.apache.flume.node.AbstractConfigurationProvider.loadChannels:208)  - Created channel c2
25 十月 2022 17:08:59,282 INFO  [main] (org.apache.flume.source.DefaultSourceFactory.create:41)  - Creating instance of source r2, type exec
25 十月 2022 17:08:59,288 INFO  [main] (org.apache.flume.sink.DefaultSinkFactory.create:42)  - Creating instance of sink: k2, type: hdfs
25 十月 2022 17:08:59,296 INFO  [main] (org.apache.flume.node.AbstractConfigurationProvider.getConfiguration:123)  - Channel c2 connected to [r2, k2]
25 十月 2022 17:08:59,296 INFO  [main] (org.apache.flume.node.Application.initializeAllComponents:177)  - Initializing components
25 十月 2022 17:08:59,300 INFO  [main] (org.apache.flume.node.Application.startAllComponents:207)  - Starting new configuration:{ sourceRunners:{r2=EventDrivenSourceRunner: { source:org.apache.flume.source.ExecSource{name:r2,state:IDLE} }} sinkRunners:{k2=SinkRunner: { policy:org.apache.flume.sink.DefaultSinkProcessor@4b213651 counterGroup:{ name:null counters:{} } }} channels:{c2=org.apache.flume.channel.MemoryChannel{name: c2}} }
25 十月 2022 17:08:59,300 INFO  [main] (org.apache.flume.node.Application.startAllComponents:214)  - Starting Channel c2
25 十月 2022 17:08:59,302 INFO  [main] (org.apache.flume.node.Application.startAllComponents:229)  - Waiting for channel: c2 to start. Sleeping for 500 ms
25 十月 2022 17:08:59,305 INFO  [lifecycleSupervisor-1-0] (org.apache.flume.instrumentation.MonitoredCounterGroup.register:119)  - Monitored counter group for type: CHANNEL, name: c2: Successfully registered new MBean.
25 十月 2022 17:08:59,305 INFO  [lifecycleSupervisor-1-0] (org.apache.flume.instrumentation.MonitoredCounterGroup.start:95)  - Component type: CHANNEL, name: c2 started
25 十月 2022 17:08:59,803 INFO  [main] (org.apache.flume.node.Application.startAllComponents:241)  - Starting Sink k2
25 十月 2022 17:08:59,804 INFO  [main] (org.apache.flume.node.Application.startAllComponents:252)  - Starting Source r2
25 十月 2022 17:08:59,804 INFO  [lifecycleSupervisor-1-1] (org.apache.flume.source.ExecSource.start:170)  - Exec source starting with command: tail -F /opt/big-data/hive-3.1.3/logs/hive.log
25 十月 2022 17:08:59,805 INFO  [lifecycleSupervisor-1-0] (org.apache.flume.instrumentation.MonitoredCounterGroup.register:119)  - Monitored counter group for type: SINK, name: k2: Successfully registered new MBean.
25 十月 2022 17:08:59,805 INFO  [lifecycleSupervisor-1-1] (org.apache.flume.instrumentation.MonitoredCounterGroup.register:119)  - Monitored counter group for type: SOURCE, name: r2: Successfully registered new MBean.
25 十月 2022 17:08:59,805 INFO  [lifecycleSupervisor-1-1] (org.apache.flume.instrumentation.MonitoredCounterGroup.start:95)  - Component type: SOURCE, name: r2 started
25 十月 2022 17:08:59,805 INFO  [lifecycleSupervisor-1-0] (org.apache.flume.instrumentation.MonitoredCounterGroup.start:95)  - Component type: SINK, name: k2 started
25 十月 2022 17:09:03,822 INFO  [SinkRunner-PollingRunner-DefaultSinkProcessor] (org.apache.flume.sink.hdfs.HDFSDataStream.configure:57)  - Serializer = TEXT, UseRawLocalFileSystem = false
25 十月 2022 17:09:03,921 INFO  [SinkRunner-PollingRunner-DefaultSinkProcessor] (org.apache.flume.sink.hdfs.BucketWriter.open:246)  - Creating hdfs://Master:9000/flume/20221025/17/logs-.1666688943823.tmp
25 十月 2022 17:09:04,069 WARN  [hdfs-k2-call-runner-0] (org.apache.hadoop.util.NativeCodeLoader.<clinit>:60)  - Unable to load native-hadoop library for your platform... using builtin-java classes where applicable
25 十月 2022 17:10:04,975 INFO  [hdfs-k2-roll-timer-0] (org.apache.flume.sink.hdfs.HDFSEventSink$1.run:391)  - Writer callback called.
25 十月 2022 17:10:04,976 INFO  [hdfs-k2-roll-timer-0] (org.apache.flume.sink.hdfs.BucketWriter.doClose:438)  - Closing hdfs://Master:9000/flume/20221025/17/logs-.1666688943823.tmp
25 十月 2022 17:10:05,005 INFO  [hdfs-k2-call-runner-4] (org.apache.flume.sink.hdfs.BucketWriter$7.call:681)  - Renaming hdfs://Master:9000/flume/20221025/17/logs-.1666688943823.tmp to hdfs://Master:9000/flume/20221025/17/logs-.1666688943823
25 十月 2022 17:10:47,833 INFO  [SinkRunner-PollingRunner-DefaultSinkProcessor] (org.apache.flume.sink.hdfs.HDFSDataStream.configure:57)  - Serializer = TEXT, UseRawLocalFileSystem = false
25 十月 2022 17:10:47,843 INFO  [SinkRunner-PollingRunner-DefaultSinkProcessor] (org.apache.flume.sink.hdfs.BucketWriter.open:246)  - Creating hdfs://Master:9000/flume/20221025/17/logs-.1666689047834.tmp
25 十月 2022 17:11:47,864 INFO  [hdfs-k2-roll-timer-0] (org.apache.flume.sink.hdfs.HDFSEventSink$1.run:391)  - Writer callback called.
25 十月 2022 17:11:47,871 INFO  [hdfs-k2-roll-timer-0] (org.apache.flume.sink.hdfs.BucketWriter.doClose:438)  - Closing hdfs://Master:9000/flume/20221025/17/logs-.1666689047834.tmp
25 十月 2022 17:11:47,889 INFO  [hdfs-k2-call-runner-1] (org.apache.flume.sink.hdfs.BucketWriter$7.call:681)  - Renaming hdfs://Master:9000/flume/20221025/17/logs-.1666689047834.tmp to hdfs://Master:9000/flume/20221025/17/logs-.1666689047834
25 十月 2022 17:12:45,120 INFO  [SinkRunner-PollingRunner-DefaultSinkProcessor] (org.apache.flume.sink.hdfs.HDFSDataStream.configure:57)  - Serializer = TEXT, UseRawLocalFileSystem = false
25 十月 2022 17:12:45,132 INFO  [SinkRunner-PollingRunner-DefaultSinkProcessor] (org.apache.flume.sink.hdfs.BucketWriter.open:246)  - Creating hdfs://Master:9000/flume/20221025/17/logs-.1666689165121.tmp
25 十月 2022 17:13:45,153 INFO  [hdfs-k2-roll-timer-0] (org.apache.flume.sink.hdfs.HDFSEventSink$1.run:391)  - Writer callback called.
25 十月 2022 17:13:45,153 INFO  [hdfs-k2-roll-timer-0] (org.apache.flume.sink.hdfs.BucketWriter.doClose:438)  - Closing hdfs://Master:9000/flume/20221025/17/logs-.1666689165121.tmp
25 十月 2022 17:13:45,176 INFO  [hdfs-k2-call-runner-8] (org.apache.flume.sink.hdfs.BucketWriter$7.call:681)  - Renaming hdfs://Master:9000/flume/20221025/17/logs-.1666689165121.tmp to hdfs://Master:9000/flume/20221025/17/logs-.1666689165121
25 十月 2022 17:13:47,845 INFO  [SinkRunner-PollingRunner-DefaultSinkProcessor] (org.apache.flume.sink.hdfs.HDFSDataStream.configure:57)  - Serializer = TEXT, UseRawLocalFileSystem = false
25 十月 2022 17:13:47,858 INFO  [SinkRunner-PollingRunner-DefaultSinkProcessor] (org.apache.flume.sink.hdfs.BucketWriter.open:246)  - Creating hdfs://Master:9000/flume/20221025/17/logs-.1666689227846.tmp
25 十月 2022 17:14:47,872 INFO  [hdfs-k2-roll-timer-0] (org.apache.flume.sink.hdfs.HDFSEventSink$1.run:391)  - Writer callback called.
25 十月 2022 17:14:47,872 INFO  [hdfs-k2-roll-timer-0] (org.apache.flume.sink.hdfs.BucketWriter.doClose:438)  - Closing hdfs://Master:9000/flume/20221025/17/logs-.1666689227846.tmp
25 十月 2022 17:14:47,894 INFO  [hdfs-k2-call-runner-3] (org.apache.flume.sink.hdfs.BucketWriter$7.call:681)  - Renaming hdfs://Master:9000/flume/20221025/17/logs-.1666689227846.tmp to hdfs://Master:9000/flume/20221025/17/logs-.1666689227846
25 十月 2022 17:14:49,851 INFO  [SinkRunner-PollingRunner-DefaultSinkProcessor] (org.apache.flume.sink.hdfs.HDFSDataStream.configure:57)  - Serializer = TEXT, UseRawLocalFileSystem = false
25 十月 2022 17:14:49,865 INFO  [SinkRunner-PollingRunner-DefaultSinkProcessor] (org.apache.flume.sink.hdfs.BucketWriter.open:246)  - Creating hdfs://Master:9000/flume/20221025/17/logs-.1666689289852.tmp
25 十月 2022 17:15:49,880 INFO  [hdfs-k2-roll-timer-0] (org.apache.flume.sink.hdfs.HDFSEventSink$1.run:391)  - Writer callback called.
25 十月 2022 17:15:49,884 INFO  [hdfs-k2-roll-timer-0] (org.apache.flume.sink.hdfs.BucketWriter.doClose:438)  - Closing hdfs://Master:9000/flume/20221025/17/logs-.1666689289852.tmp
25 十月 2022 17:15:49,905 INFO  [hdfs-k2-call-runner-0] (org.apache.flume.sink.hdfs.BucketWriter$7.call:681)  - Renaming hdfs://Master:9000/flume/20221025/17/logs-.1666689289852.tmp to hdfs://Master:9000/flume/20221025/17/logs-.1666689289852
25 十月 2022 17:15:50,850 INFO  [SinkRunner-PollingRunner-DefaultSinkProcessor] (org.apache.flume.sink.hdfs.HDFSDataStream.configure:57)  - Serializer = TEXT, UseRawLocalFileSystem = false
25 十月 2022 17:15:50,862 INFO  [SinkRunner-PollingRunner-DefaultSinkProcessor] (org.apache.flume.sink.hdfs.BucketWriter.open:246)  - Creating hdfs://Master:9000/flume/20221025/17/logs-.1666689350851.tmp
25 十月 2022 17:16:50,881 INFO  [hdfs-k2-roll-timer-0] (org.apache.flume.sink.hdfs.HDFSEventSink$1.run:391)  - Writer callback called.
25 十月 2022 17:16:50,887 INFO  [hdfs-k2-roll-timer-0] (org.apache.flume.sink.hdfs.BucketWriter.doClose:438)  - Closing hdfs://Master:9000/flume/20221025/17/logs-.1666689350851.tmp
25 十月 2022 17:16:50,903 INFO  [hdfs-k2-call-runner-8] (org.apache.flume.sink.hdfs.BucketWriter$7.call:681)  - Renaming hdfs://Master:9000/flume/20221025/17/logs-.1666689350851.tmp to hdfs://Master:9000/flume/20221025/17/logs-.1666689350851
25 十月 2022 17:17:47,859 INFO  [SinkRunner-PollingRunner-DefaultSinkProcessor] (org.apache.flume.sink.hdfs.HDFSDataStream.configure:57)  - Serializer = TEXT, UseRawLocalFileSystem = false
25 十月 2022 17:17:47,868 INFO  [SinkRunner-PollingRunner-DefaultSinkProcessor] (org.apache.flume.sink.hdfs.BucketWriter.open:246)  - Creating hdfs://Master:9000/flume/20221025/17/logs-.1666689467859.tmp
25 十月 2022 17:18:47,887 INFO  [hdfs-k2-roll-timer-0] (org.apache.flume.sink.hdfs.HDFSEventSink$1.run:391)  - Writer callback called.
25 十月 2022 17:18:47,891 INFO  [hdfs-k2-roll-timer-0] (org.apache.flume.sink.hdfs.BucketWriter.doClose:438)  - Closing hdfs://Master:9000/flume/20221025/17/logs-.1666689467859.tmp
25 十月 2022 17:18:47,907 INFO  [hdfs-k2-call-runner-6] (org.apache.flume.sink.hdfs.BucketWriter$7.call:681)  - Renaming hdfs://Master:9000/flume/20221025/17/logs-.1666689467859.tmp to hdfs://Master:9000/flume/20221025/17/logs-.1666689467859
25 十月 2022 17:18:48,422 INFO  [SinkRunner-PollingRunner-DefaultSinkProcessor] (org.apache.flume.sink.hdfs.HDFSDataStream.configure:57)  - Serializer = TEXT, UseRawLocalFileSystem = false
25 十月 2022 17:18:48,437 INFO  [SinkRunner-PollingRunner-DefaultSinkProcessor] (org.apache.flume.sink.hdfs.BucketWriter.open:246)  - Creating hdfs://Master:9000/flume/20221025/17/logs-.1666689528423.tmp
25 十月 2022 17:19:47,780 INFO  [agent-shutdown-hook] (org.apache.flume.node.Application.stopAllComponents:140)  - Shutting down configuration: { sourceRunners:{r2=EventDrivenSourceRunner: { source:org.apache.flume.source.ExecSource{name:r2,state:START} }} sinkRunners:{k2=SinkRunner: { policy:org.apache.flume.sink.DefaultSinkProcessor@4b213651 counterGroup:{ name:null counters:{runner.backoffs.consecutive=8, runner.backoffs=87} } }} channels:{c2=org.apache.flume.channel.MemoryChannel{name: c2}} }
25 十月 2022 17:19:47,780 INFO  [agent-shutdown-hook] (org.apache.flume.node.Application.stopAllComponents:144)  - Stopping Source r2
25 十月 2022 17:19:47,780 INFO  [agent-shutdown-hook] (org.apache.flume.lifecycle.LifecycleSupervisor.unsupervise:169)  - Stopping component: EventDrivenSourceRunner: { source:org.apache.flume.source.ExecSource{name:r2,state:START} }
25 十月 2022 17:19:47,780 INFO  [agent-shutdown-hook] (org.apache.flume.source.ExecSource.stop:190)  - Stopping exec source with command: tail -F /opt/big-data/hive-3.1.3/logs/hive.log
25 十月 2022 17:19:47,784 INFO  [pool-6-thread-1] (org.apache.flume.source.ExecSource$ExecRunnable.run:379)  - Command [tail -F /opt/big-data/hive-3.1.3/logs/hive.log] exited with 130
25 十月 2022 17:19:47,784 INFO  [agent-shutdown-hook] (org.apache.flume.instrumentation.MonitoredCounterGroup.stop:149)  - Component type: SOURCE, name: r2 stopped
25 十月 2022 17:19:47,784 INFO  [agent-shutdown-hook] (org.apache.flume.instrumentation.MonitoredCounterGroup.stop:155)  - Shutdown Metric for type: SOURCE, name: r2. source.start.time == 1666688939805
25 十月 2022 17:19:47,785 INFO  [agent-shutdown-hook] (org.apache.flume.instrumentation.MonitoredCounterGroup.stop:161)  - Shutdown Metric for type: SOURCE, name: r2. source.stop.time == 1666689587784
25 十月 2022 17:19:47,785 INFO  [agent-shutdown-hook] (org.apache.flume.instrumentation.MonitoredCounterGroup.stop:177)  - Shutdown Metric for type: SOURCE, name: r2. src.append-batch.accepted == 0
25 十月 2022 17:19:47,785 INFO  [agent-shutdown-hook] (org.apache.flume.instrumentation.MonitoredCounterGroup.stop:177)  - Shutdown Metric for type: SOURCE, name: r2. src.append-batch.received == 0
25 十月 2022 17:19:47,785 INFO  [agent-shutdown-hook] (org.apache.flume.instrumentation.MonitoredCounterGroup.stop:177)  - Shutdown Metric for type: SOURCE, name: r2. src.append.accepted == 0
25 十月 2022 17:19:47,785 INFO  [agent-shutdown-hook] (org.apache.flume.instrumentation.MonitoredCounterGroup.stop:177)  - Shutdown Metric for type: SOURCE, name: r2. src.append.received == 0
25 十月 2022 17:19:47,785 INFO  [agent-shutdown-hook] (org.apache.flume.instrumentation.MonitoredCounterGroup.stop:177)  - Shutdown Metric for type: SOURCE, name: r2. src.channel.write.fail == 0
25 十月 2022 17:19:47,785 INFO  [agent-shutdown-hook] (org.apache.flume.instrumentation.MonitoredCounterGroup.stop:177)  - Shutdown Metric for type: SOURCE, name: r2. src.event.read.fail == 0
25 十月 2022 17:19:47,786 INFO  [agent-shutdown-hook] (org.apache.flume.instrumentation.MonitoredCounterGroup.stop:177)  - Shutdown Metric for type: SOURCE, name: r2. src.events.accepted == 72
25 十月 2022 17:19:47,786 INFO  [agent-shutdown-hook] (org.apache.flume.instrumentation.MonitoredCounterGroup.stop:177)  - Shutdown Metric for type: SOURCE, name: r2. src.events.received == 72
25 十月 2022 17:19:47,786 INFO  [agent-shutdown-hook] (org.apache.flume.instrumentation.MonitoredCounterGroup.stop:177)  - Shutdown Metric for type: SOURCE, name: r2. src.generic.processing.fail == 0
25 十月 2022 17:19:47,786 INFO  [agent-shutdown-hook] (org.apache.flume.instrumentation.MonitoredCounterGroup.stop:177)  - Shutdown Metric for type: SOURCE, name: r2. src.open-connection.count == 0
25 十月 2022 17:19:47,786 INFO  [agent-shutdown-hook] (org.apache.flume.node.Application.stopAllComponents:154)  - Stopping Sink k2
25 十月 2022 17:19:47,786 INFO  [agent-shutdown-hook] (org.apache.flume.lifecycle.LifecycleSupervisor.unsupervise:169)  - Stopping component: SinkRunner: { policy:org.apache.flume.sink.DefaultSinkProcessor@4b213651 counterGroup:{ name:null counters:{runner.backoffs.consecutive=8, runner.backoffs=87} } }
25 十月 2022 17:19:47,786 ERROR [SinkRunner-PollingRunner-DefaultSinkProcessor] (org.apache.flume.sink.hdfs.HDFSEventSink.process:457)  - process failed
java.lang.InterruptedException: Timed out before HDFS call was made. Your hdfs.callTimeout might be set too low or HDFS calls are taking too long.
	at org.apache.flume.sink.hdfs.BucketWriter.checkAndThrowInterruptedException(BucketWriter.java:708) ~[flume-hdfs-sink-1.10.1.jar:1.10.1]
	at org.apache.flume.sink.hdfs.BucketWriter.flush(BucketWriter.java:477) ~[flume-hdfs-sink-1.10.1.jar:1.10.1]
	at org.apache.flume.sink.hdfs.HDFSEventSink.process(HDFSEventSink.java:439) ~[flume-hdfs-sink-1.10.1.jar:1.10.1]
	at org.apache.flume.sink.DefaultSinkProcessor.process(DefaultSinkProcessor.java:39) ~[flume-ng-core-1.10.1.jar:1.10.1]
	at org.apache.flume.SinkRunner$PollingRunner.run(SinkRunner.java:145) ~[flume-ng-core-1.10.1.jar:1.10.1]
	at java.lang.Thread.run(Thread.java:750) ~[?:1.8.0_341]
25 十月 2022 17:19:47,797 ERROR [SinkRunner-PollingRunner-DefaultSinkProcessor] (org.apache.flume.SinkRunner$PollingRunner.run:158)  - Unable to deliver event. Exception follows.
org.apache.flume.EventDeliveryException: java.lang.InterruptedException: Timed out before HDFS call was made. Your hdfs.callTimeout might be set too low or HDFS calls are taking too long.
	at org.apache.flume.sink.hdfs.HDFSEventSink.process(HDFSEventSink.java:462) ~[flume-hdfs-sink-1.10.1.jar:1.10.1]
	at org.apache.flume.sink.DefaultSinkProcessor.process(DefaultSinkProcessor.java:39) ~[flume-ng-core-1.10.1.jar:1.10.1]
	at org.apache.flume.SinkRunner$PollingRunner.run(SinkRunner.java:145) ~[flume-ng-core-1.10.1.jar:1.10.1]
	at java.lang.Thread.run(Thread.java:750) ~[?:1.8.0_341]
Caused by: java.lang.InterruptedException: Timed out before HDFS call was made. Your hdfs.callTimeout might be set too low or HDFS calls are taking too long.
	at org.apache.flume.sink.hdfs.BucketWriter.checkAndThrowInterruptedException(BucketWriter.java:708) ~[flume-hdfs-sink-1.10.1.jar:1.10.1]
	at org.apache.flume.sink.hdfs.BucketWriter.flush(BucketWriter.java:477) ~[flume-hdfs-sink-1.10.1.jar:1.10.1]
	at org.apache.flume.sink.hdfs.HDFSEventSink.process(HDFSEventSink.java:439) ~[flume-hdfs-sink-1.10.1.jar:1.10.1]
	... 3 more
25 十月 2022 17:19:48,461 INFO  [hdfs-k2-roll-timer-0] (org.apache.flume.sink.hdfs.HDFSEventSink$1.run:391)  - Writer callback called.
25 十月 2022 17:19:48,466 INFO  [hdfs-k2-roll-timer-0] (org.apache.flume.sink.hdfs.BucketWriter.doClose:438)  - Closing hdfs://Master:9000/flume/20221025/17/logs-.1666689528423.tmp
25 十月 2022 17:19:48,481 INFO  [hdfs-k2-call-runner-4] (org.apache.flume.sink.hdfs.BucketWriter$7.call:681)  - Renaming hdfs://Master:9000/flume/20221025/17/logs-.1666689528423.tmp to hdfs://Master:9000/flume/20221025/17/logs-.1666689528423
25 十月 2022 17:19:52,801 INFO  [agent-shutdown-hook] (org.apache.flume.instrumentation.MonitoredCounterGroup.stop:149)  - Component type: SINK, name: k2 stopped
25 十月 2022 17:19:52,801 INFO  [agent-shutdown-hook] (org.apache.flume.instrumentation.MonitoredCounterGroup.stop:155)  - Shutdown Metric for type: SINK, name: k2. sink.start.time == 1666688939805
25 十月 2022 17:19:52,801 INFO  [agent-shutdown-hook] (org.apache.flume.instrumentation.MonitoredCounterGroup.stop:161)  - Shutdown Metric for type: SINK, name: k2. sink.stop.time == 1666689592801
25 十月 2022 17:19:52,801 INFO  [agent-shutdown-hook] (org.apache.flume.instrumentation.MonitoredCounterGroup.stop:177)  - Shutdown Metric for type: SINK, name: k2. sink.batch.complete == 0
25 十月 2022 17:19:52,801 INFO  [agent-shutdown-hook] (org.apache.flume.instrumentation.MonitoredCounterGroup.stop:177)  - Shutdown Metric for type: SINK, name: k2. sink.batch.empty == 87
25 十月 2022 17:19:52,801 INFO  [agent-shutdown-hook] (org.apache.flume.instrumentation.MonitoredCounterGroup.stop:177)  - Shutdown Metric for type: SINK, name: k2. sink.batch.underflow == 17
25 十月 2022 17:19:52,801 INFO  [agent-shutdown-hook] (org.apache.flume.instrumentation.MonitoredCounterGroup.stop:177)  - Shutdown Metric for type: SINK, name: k2. sink.channel.read.fail == 0
25 十月 2022 17:19:52,801 INFO  [agent-shutdown-hook] (org.apache.flume.instrumentation.MonitoredCounterGroup.stop:177)  - Shutdown Metric for type: SINK, name: k2. sink.connection.closed.count == 8
25 十月 2022 17:19:52,801 INFO  [agent-shutdown-hook] (org.apache.flume.instrumentation.MonitoredCounterGroup.stop:177)  - Shutdown Metric for type: SINK, name: k2. sink.connection.creation.count == 8
25 十月 2022 17:19:52,801 INFO  [agent-shutdown-hook] (org.apache.flume.instrumentation.MonitoredCounterGroup.stop:177)  - Shutdown Metric for type: SINK, name: k2. sink.connection.failed.count == 0
25 十月 2022 17:19:52,801 INFO  [agent-shutdown-hook] (org.apache.flume.instrumentation.MonitoredCounterGroup.stop:177)  - Shutdown Metric for type: SINK, name: k2. sink.event.drain.attempt == 72
25 十月 2022 17:19:52,801 INFO  [agent-shutdown-hook] (org.apache.flume.instrumentation.MonitoredCounterGroup.stop:177)  - Shutdown Metric for type: SINK, name: k2. sink.event.drain.sucess == 70
25 十月 2022 17:19:52,801 INFO  [agent-shutdown-hook] (org.apache.flume.instrumentation.MonitoredCounterGroup.stop:177)  - Shutdown Metric for type: SINK, name: k2. sink.event.write.fail == 1
25 十月 2022 17:19:52,802 INFO  [agent-shutdown-hook] (org.apache.flume.node.Application.stopAllComponents:164)  - Stopping Channel c2
25 十月 2022 17:19:52,802 INFO  [agent-shutdown-hook] (org.apache.flume.lifecycle.LifecycleSupervisor.unsupervise:169)  - Stopping component: org.apache.flume.channel.MemoryChannel{name: c2}
25 十月 2022 17:19:52,802 INFO  [lifecycleSupervisor-1-5] (org.apache.flume.lifecycle.LifecycleSupervisor$MonitorRunnable.run:228)  - Component has already been stopped SinkRunner: { policy:org.apache.flume.sink.DefaultSinkProcessor@4b213651 counterGroup:{ name:null counters:{runner.deliveryErrors=1, runner.backoffs.consecutive=8, runner.backoffs=87} } }
25 十月 2022 17:19:52,802 INFO  [agent-shutdown-hook] (org.apache.flume.instrumentation.MonitoredCounterGroup.stop:149)  - Component type: CHANNEL, name: c2 stopped
25 十月 2022 17:19:52,802 INFO  [agent-shutdown-hook] (org.apache.flume.instrumentation.MonitoredCounterGroup.stop:155)  - Shutdown Metric for type: CHANNEL, name: c2. channel.start.time == 1666688939305
25 十月 2022 17:19:52,802 INFO  [agent-shutdown-hook] (org.apache.flume.instrumentation.MonitoredCounterGroup.stop:161)  - Shutdown Metric for type: CHANNEL, name: c2. channel.stop.time == 1666689592802
25 十月 2022 17:19:52,802 INFO  [agent-shutdown-hook] (org.apache.flume.instrumentation.MonitoredCounterGroup.stop:177)  - Shutdown Metric for type: CHANNEL, name: c2. channel.capacity == 1000
25 十月 2022 17:19:52,802 INFO  [agent-shutdown-hook] (org.apache.flume.instrumentation.MonitoredCounterGroup.stop:177)  - Shutdown Metric for type: CHANNEL, name: c2. channel.current.size == 2
25 十月 2022 17:19:52,802 INFO  [agent-shutdown-hook] (org.apache.flume.instrumentation.MonitoredCounterGroup.stop:177)  - Shutdown Metric for type: CHANNEL, name: c2. channel.event.put.attempt == 72
25 十月 2022 17:19:52,802 INFO  [agent-shutdown-hook] (org.apache.flume.instrumentation.MonitoredCounterGroup.stop:177)  - Shutdown Metric for type: CHANNEL, name: c2. channel.event.put.success == 72
25 十月 2022 17:19:52,802 INFO  [agent-shutdown-hook] (org.apache.flume.instrumentation.MonitoredCounterGroup.stop:177)  - Shutdown Metric for type: CHANNEL, name: c2. channel.event.take.attempt == 176
25 十月 2022 17:19:52,803 INFO  [agent-shutdown-hook] (org.apache.flume.instrumentation.MonitoredCounterGroup.stop:177)  - Shutdown Metric for type: CHANNEL, name: c2. channel.event.take.success == 70
25 十月 2022 17:19:52,803 INFO  [agent-shutdown-hook] (org.apache.flume.lifecycle.LifecycleSupervisor.stop:78)  - Stopping lifecycle supervisor 16
